<?xml version="1.0" encoding="UTF-8"?>
<testsuite name="com.tavisca.workshops.dokumar.ResourseFileExtentionTest" tests="1" skipped="0" failures="0" errors="0" timestamp="2019-08-05T16:46:49" hostname="RENTLAPT0096" time="0.011">
  <properties/>
  <testcase name="isResourseFileExtentionMapsResponseContentType" classname="com.tavisca.workshops.dokumar.ResourseFileExtentionTest" time="0.011"/>
  <system-out><![CDATA[]]></system-out>
  <system-err><![CDATA[]]></system-err>
</testsuite>
