<?xml version="1.0" encoding="UTF-8"?>
<testsuite name="com.tavisca.workshops.dokumar.RequestHandlerTest" tests="2" skipped="0" failures="0" errors="0" timestamp="2019-08-05T18:11:52" hostname="RENTLAPT0096" time="0.029">
  <properties/>
  <testcase name="isExtractEmptyFileName" classname="com.tavisca.workshops.dokumar.RequestHandlerTest" time="0.019"/>
  <testcase name="isExtractFileNameAndMethodName" classname="com.tavisca.workshops.dokumar.RequestHandlerTest" time="0.007"/>
  <system-out><![CDATA[]]></system-out>
  <system-err><![CDATA[]]></system-err>
</testsuite>
